prettywatch/build/outputs/logs/manifest-merger-debug-report.txt
-- Merging decision tree log ---
manifest
ADDED from src/main/AndroidManifest.xml:2:1-49:12
	package
		ADDED from src/main/AndroidManifest.xml:3:5-47
		INJECTED from src/main/AndroidManifest.xml
		INJECTED from src/main/AndroidManifest.xml
	android:versionName
		INJECTED from src/main/AndroidManifest.xml
		INJECTED from src/main/AndroidManifest.xml
	xmlns:android
		ADDED from src/main/AndroidManifest.xml:2:11-69
	android:versionCode
		INJECTED from src/main/AndroidManifest.xml
		INJECTED from src/main/AndroidManifest.xml
uses-feature#android.hardware.type.watch
ADDED from src/main/AndroidManifest.xml:5:5-64
	android:name
		ADDED from src/main/AndroidManifest.xml:5:19-61
uses-permission#com.google.android.permission.PROVIDE_BACKGROUND
ADDED from src/main/AndroidManifest.xml:8:5-88
	android:name
		ADDED from src/main/AndroidManifest.xml:8:22-85
uses-permission#android.permission.WAKE_LOCK
ADDED from src/main/AndroidManifest.xml:9:5-68
	android:name
		ADDED from src/main/AndroidManifest.xml:9:22-65
application
ADDED from src/main/AndroidManifest.xml:11:5-47:19
MERGED from [com.google.android.support:wearable:2.0.0-alpha3] AndroidManifest.xml:6:5-19
MERGED from [com.google.android.gms:play-services-wearable:8.4.0] AndroidManifest.xml:19:5-20
MERGED from [com.google.android.gms:play-services-appindexing:8.4.0] AndroidManifest.xml:19:5-20
MERGED from [com.google.android.gms:play-services-basement:8.4.0] AndroidManifest.xml:20:5-24:19
MERGED from [com.android.support:support-v4:23.0.1] AndroidManifest.xml:22:5-20
	android:label
		ADDED from src/main/AndroidManifest.xml:14:9-41
	android:supportsRtl
		ADDED from src/main/AndroidManifest.xml:15:9-35
	android:allowBackup
		ADDED from src/main/AndroidManifest.xml:12:9-35
	android:icon
		ADDED from src/main/AndroidManifest.xml:13:9-43
	android:theme
		ADDED from src/main/AndroidManifest.xml:16:9-59
service#com.example.android.sunshine.app.PrettyWatchFace
ADDED from src/main/AndroidManifest.xml:18:9-39:19
	android:label
		ADDED from src/main/AndroidManifest.xml:20:13-45
	android:permission
		ADDED from src/main/AndroidManifest.xml:21:13-67
	android:name
		ADDED from src/main/AndroidManifest.xml:19:13-44
meta-data#android.service.wallpaper
ADDED from src/main/AndroidManifest.xml:22:13-24:54
	android:resource
		ADDED from src/main/AndroidManifest.xml:24:17-51
	android:name
		ADDED from src/main/AndroidManifest.xml:23:17-57
meta-data#com.google.android.wearable.watchface.preview
ADDED from src/main/AndroidManifest.xml:25:13-27:68
	android:resource
		ADDED from src/main/AndroidManifest.xml:27:17-65
	android:name
		ADDED from src/main/AndroidManifest.xml:26:17-77
meta-data#com.google.android.wearable.watchface.preview_circular
ADDED from src/main/AndroidManifest.xml:29:13-31:65
	android:resource
		ADDED from src/main/AndroidManifest.xml:31:17-62
	android:name
		ADDED from src/main/AndroidManifest.xml:30:17-86
intent-filter#android.service.wallpaper.WallpaperService+com.google.android.wearable.watchface.category.WATCH_FACE
ADDED from src/main/AndroidManifest.xml:33:13-37:29
action#android.service.wallpaper.WallpaperService
ADDED from src/main/AndroidManifest.xml:34:17-85
	android:name
		ADDED from src/main/AndroidManifest.xml:34:25-82
category#com.google.android.wearable.watchface.category.WATCH_FACE
ADDED from src/main/AndroidManifest.xml:35:17-102
	android:name
		ADDED from src/main/AndroidManifest.xml:35:27-99
uses-sdk
INJECTED from src/main/AndroidManifest.xml reason: use-sdk injection requested
MERGED from [com.google.android.support:wearable:2.0.0-alpha3] AndroidManifest.xml:4:5-72
MERGED from [com.android.support:recyclerview-v7:23.0.1] AndroidManifest.xml:20:5-43
MERGED from [com.google.android.gms:play-services-wearable:8.4.0] AndroidManifest.xml:18:5-42
MERGED from [com.google.android.gms:play-services-appindexing:8.4.0] AndroidManifest.xml:18:5-42
MERGED from [com.google.android.gms:play-services-base:8.4.0] AndroidManifest.xml:18:5-42
MERGED from [com.google.android.gms:play-services-basement:8.4.0] AndroidManifest.xml:18:5-42
MERGED from [com.android.support:support-v4:23.0.1] AndroidManifest.xml:20:5-43
	android:targetSdkVersion
		INJECTED from src/main/AndroidManifest.xml
		INJECTED from src/main/AndroidManifest.xml
	android:minSdkVersion
		INJECTED from src/main/AndroidManifest.xml
		INJECTED from src/main/AndroidManifest.xml
meta-data#com.google.android.gms.version
ADDED from [com.google.android.gms:play-services-basement:8.4.0] AndroidManifest.xml:21:9-23:69
	android:value
		ADDED from [com.google.android.gms:play-services-basement:8.4.0] AndroidManifest.xml:23:13-66
	android:name
		ADDED from [com.google.android.gms:play-services-basement:8.4.0] AndroidManifest.xml:22:13-58